<?xml version='1.0'?>
<ns2:test-suite xmlns:ns2='urn:model.allure.qatools.yandex.ru' start='1666461615963' stop='1666461701636'>
    <name>Form</name>
    <title>Form</title>
    <test-cases>
        <test-case start='1666461615964' status='passed' stop='1666461681571'>
            <name>Enter username,password and click on login button</name>
            <title>Enter username,password and click on login button</title>
            <labels>
                <label name='language' value='javascript'/>
                <label name='framework' value='wdio'/>
                <label name='thread' value='0-0'/>
                <label name='language' value='javascript'/>
                <label name='framework' value='wdio'/>
                <label name='thread' value='0-0'/>
            </labels>
            <parameters>
                <parameter kind='argument' name='browser' value='chrome-106.0.5249.119'/>
                <parameter kind='argument' name='browser' value='chrome-106.0.5249.119'/>
            </parameters>
            <steps/>
            <attachments/>
        </test-case>
        <test-case start='1666461681571' status='broken' stop='1666461691600'>
            <name>click on search</name>
            <title>click on search</title>
            <labels>
                <label name='language' value='javascript'/>
                <label name='framework' value='wdio'/>
                <label name='thread' value='0-0'/>
            </labels>
            <parameters>
                <parameter kind='argument' name='browser' value='chrome-106.0.5249.119'/>
            </parameters>
            <steps/>
            <attachments/>
            <failure>
                <message>Can't call setValue on element with selector "#form1" because element wasn't found</message>
                <stack-trace>Error: Can't call setValue on element with selector "#form1" because element wasn't found
                    at implicitWait (C:\selenium learning\wdio-course\node_modules\webdriverio\build\utils\implicitWait.js:34:19)
                    at Element.elementErrorHandlerCallbackFn (C:\selenium learning\wdio-course\node_modules\webdriverio\build\middlewares.js:20:29)
                    at Element.wrapCommandFn (C:\selenium learning\wdio-course\node_modules\@wdio\utils\build\shim.js:137:29)
                    at FormPage.search (file:///C:/selenium%20learning/wdio-course/test/pages/form-page.mjs:43:9)
                    at Context.&lt;anonymous> (file:///C:/selenium%20learning/wdio-course/test/specs/form.mjs:21:9)</stack-trace>
            </failure>
        </test-case>
        <test-case start='1666461691600' status='broken' stop='1666461701636'>
            <name>fill all fields and click on submit</name>
            <title>fill all fields and click on submit</title>
            <labels>
                <label name='language' value='javascript'/>
                <label name='framework' value='wdio'/>
                <label name='thread' value='0-0'/>
            </labels>
            <parameters>
                <parameter kind='argument' name='browser' value='chrome-106.0.5249.119'/>
            </parameters>
            <steps/>
            <attachments/>
            <failure>
                <message>Can't call setValue on element with selector "//*[@id="e2xuh5i-textField"]" because element wasn't found</message>
                <stack-trace>Error: Can't call setValue on element with selector "//*[@id="e2xuh5i-textField"]" because element wasn't found
                    at implicitWait (C:\selenium learning\wdio-course\node_modules\webdriverio\build\utils\implicitWait.js:34:19)
                    at Element.elementErrorHandlerCallbackFn (C:\selenium learning\wdio-course\node_modules\webdriverio\build\middlewares.js:20:29)
                    at Element.wrapCommandFn (C:\selenium learning\wdio-course\node_modules\@wdio\utils\build\shim.js:137:29)
                    at FormPage.submitForm (file:///C:/selenium%20learning/wdio-course/test/pages/form-page.mjs:51:9)
                    at Context.&lt;anonymous> (file:///C:/selenium%20learning/wdio-course/test/specs/form.mjs:25:8)</stack-trace>
            </failure>
        </test-case>
    </test-cases>
</ns2:test-suite>